-------
Routing Table:
R1 -> R0: R0, 4
R1 -> R2: R2, 1
R1 -> R1: R1, 0

--------
Routing Table:
R1 -> R0: R0, 4
R1 -> R2: R2, 1
R1 -> R1: R1, 0
R1 -> R3: R2, 7

0: Converged
Routing Table:
R1 -> R0: R0, 4
R1 -> R2: R2, 1
R1 -> R1: R1, 0
R1 -> R3: R2, 1000

Routing Table:
R1 -> R0: R0, 4
R1 -> R2: R2, 1
R1 -> R1: R1, 0
R1 -> R3: R2, 17

Routing Table:
R1 -> R0: R0, 4
R1 -> R2: R2, 1
R1 -> R1: R1, 0
R1 -> R3: R2, 1010

Routing Table:
R1 -> R0: R0, 4
R1 -> R2: R2, 1
R1 -> R1: R1, 0
R1 -> R3: R2, 27

Routing Table:
R1 -> R0: R0, 4
R1 -> R2: R2, 1
R1 -> R1: R1, 0
R1 -> R3: R2, 1020

Routing Table:
R1 -> R0: R0, 4
R1 -> R2: R2, 1
R1 -> R1: R1, 0
R1 -> R3: R2, 37

Routing Table:
R1 -> R0: R0, 4
R1 -> R2: R2, 1
R1 -> R1: R1, 0
R1 -> R3: R2, 1030

Routing Table:
R1 -> R0: R0, 4
R1 -> R2: R2, 1
R1 -> R1: R1, 0
R1 -> R3: R2, 47

Routing Table:
R1 -> R0: R0, 4
R1 -> R2: R2, 1
R1 -> R1: R1, 0
R1 -> R3: R2, 1040

