-------
Routing Table:
R0 -> R1: R1, 4
R0 -> R2: R2, 50
R0 -> R0: R0, 0

--------
Routing Table:
R0 -> R1: R1, 4
R0 -> R2: R2, 50
R0 -> R0: R0, 0
R0 -> R3: R2, 56

Routing Table:
R0 -> R1: R1, 4
R0 -> R2: R1, 5
R0 -> R0: R0, 0
R0 -> R3: R1, 11

0: Converged
Routing Table:
R0 -> R1: R1, 4
R0 -> R2: R1, 5
R0 -> R0: R0, 0
R0 -> R3: R1, 999

Routing Table:
R0 -> R1: R1, 4
R0 -> R2: R1, 5
R0 -> R0: R0, 0
R0 -> R3: R1, 66

Routing Table:
R0 -> R1: R1, 4
R0 -> R2: R1, 5
R0 -> R0: R0, 0
R0 -> R3: R1, 121

Routing Table:
R0 -> R1: R1, 4
R0 -> R2: R1, 5
R0 -> R0: R0, 0
R0 -> R3: R1, 176

Routing Table:
R0 -> R1: R1, 4
R0 -> R2: R1, 5
R0 -> R0: R0, 0
R0 -> R3: R1, 231

Routing Table:
R0 -> R1: R1, 4
R0 -> R2: R1, 5
R0 -> R0: R0, 0
R0 -> R3: R1, 286

Routing Table:
R0 -> R1: R1, 4
R0 -> R2: R1, 5
R0 -> R0: R0, 0
R0 -> R3: R1, 341

